<?xml version="1.0" encoding="UTF-8"?>
<testsuite xmlns:xsi="http://www.w3.org/2001/XMLSchema-instance" xsi:noNamespaceSchemaLocation="https://maven.apache.org/surefire/maven-surefire-plugin/xsd/surefire-test-report.xsd" version="3.0.2" name="com.lucasgomes.auth_access_service.AuthAccessServiceApplicationTests" time="6.796" tests="1" errors="0" skipped="0" failures="0" flakes="0">
  <properties>
[...]
</properties>
  <testcase name="contextLoads" classname="com.lucasgomes.auth_access_service.AuthAccessServiceApplicationTests" time="1.22">
    <system-out><![CDATA[23:02:49.270 [main] INFO org.springframework.test.context.support.AnnotationConfigContextLoaderUtils -- Could not detect default configuration classes for test class [com.lucasgomes.auth_access_service.AuthAccessServiceApplicationTests]: AuthAccessServiceApplicationTests does not declare any static, non-private, non-final, nested classes annotated with @Configuration.
23:02:49.438 [main] INFO org.springframework.boot.test.context.SpringBootTestContextBootstrapper -- Found @SpringBootConfiguration com.lucasgomes.auth_access_service.AuthAccessServiceApplication for test class com.lucasgomes.auth_access_service.AuthAccessServiceApplicationTests

  .   ____          _            __ _ _
 /\\ / ___'_ __ _ _(_)_ __  __ _ \ \ \ \
( ( )\___ | '_ | '_| | '_ \/ _` | \ \ \ \
 \\/  ___)| |_)| | | | | || (_| |  ) ) ) )
  '  |____| .__|_| |_|_| |_\__, | / / / /
 =========|_|==============|___/=/_/_/_/

 :: Spring Boot ::               (v3.5.14)

2026-04-28T23:02:50.210-03:00  INFO 2888 --- [auth-access-service] [           main] c.l.a.AuthAccessServiceApplicationTests  : Starting AuthAccessServiceApplicationTests using Java 22.0.2 with PID 2888 (started by lucas in C:\Users\lucas\OneDrive\Documentos\014 - PORTIFOLIO\auth-access-service)
2026-04-28T23:02:50.213-03:00  INFO 2888 --- [auth-access-service] [           main] c.l.a.AuthAccessServiceApplicationTests  : No active profile set, falling back to 1 default profile: "default"
2026-04-28T23:02:52.550-03:00  WARN 2888 --- [auth-access-service] [           main] .s.s.UserDetailsServiceAutoConfiguration : 

Using generated security password: abe3cd16-80f9-4b63-b101-ec24ea8ec6fb

This generated password is for development use only. Your security configuration must be updated before running your application in production.

2026-04-28T23:02:52.568-03:00  INFO 2888 --- [auth-access-service] [           main] r$InitializeUserDetailsManagerConfigurer : Global AuthenticationManager configured with UserDetailsService bean with name inMemoryUserDetailsManager
2026-04-28T23:02:53.485-03:00  INFO 2888 --- [auth-access-service] [           main] o.s.b.a.e.web.EndpointLinksResolver      : Exposing 1 endpoint beneath base path '/actuator'
2026-04-28T23:02:54.383-03:00  INFO 2888 --- [auth-access-service] [           main] c.l.a.AuthAccessServiceApplicationTests  : Started AuthAccessServiceApplicationTests in 4.72 seconds (process running for 6.474)
]]></system-out>
    <system-err><![CDATA[Mockito is currently self-attaching to enable the inline-mock-maker. This will no longer work in future releases of the JDK. Please add Mockito as an agent to your build as described in Mockito's documentation: https://javadoc.io/doc/org.mockito/mockito-core/latest/org.mockito/org/mockito/Mockito.html#0.3
WARNING: A Java agent has been loaded dynamically (C:\Users\lucas\.m2\repository\net\bytebuddy\byte-buddy-agent\1.17.8\byte-buddy-agent-1.17.8.jar)
WARNING: If a serviceability tool is in use, please run with -XX:+EnableDynamicAgentLoading to hide this warning
WARNING: If a serviceability tool is not in use, please run with -Djdk.instrument.traceUsage for more information
WARNING: Dynamic loading of agents will be disallowed by default in a future release
]]></system-err>
  </testcase>
</testsuite>